# JRE version: OpenJDK Runtime Environment (8.0_212) (build 1.8.0_212-release-1586-b4-5784211)
# Java VM: OpenJDK 64-Bit Server VM (25.212-b4-5784211 mixed mode linux-amd64 compressed oops)
Heap:
 PSYoungGen      total 364544K, used 0K [0x00000000e0000000, 0x0000000100000000, 0x0000000100000000)
  eden space 293888K, 0% used [0x00000000e0000000,0x00000000e0000000,0x00000000f1f00000)
  from space 70656K, 0% used [0x00000000f1f00000,0x00000000f1f00000,0x00000000f6400000)
  to   space 116736K, 0% used [0x00000000f8e00000,0x00000000f8e00000,0x0000000100000000)
 ParOldGen       total 212480K, used 202333K [0x00000000a0000000, 0x00000000acf80000, 0x00000000e0000000)
  object space 212480K, 95% used [0x00000000a0000000,0x00000000ac5976d0,0x00000000acf80000)
 Metaspace       used 152940K, capacity 159421K, committed 160384K, reserved 1187840K
  class space    used 19492K, capacity 20848K, committed 21120K, reserved 1048576K
GC Heap History (10 events):
Event: 915.576 GC heap after
Heap after GC invocations=27 (full 4):
 PSYoungGen      total 441344K, used 45519K [0x00000000e0000000, 0x0000000100000000, 0x0000000100000000)
  eden space 358400K, 0% used [0x00000000e0000000,0x00000000e0000000,0x00000000f5e00000)
  from space 82944K, 54% used [0x00000000f5e00000,0x00000000f8a73e38,0x00000000faf00000)
  to   space 81920K, 0% used [0x00000000fb000000,0x00000000fb000000,0x0000000100000000)
 ParOldGen       total 212480K, used 167463K [0x00000000a0000000, 0x00000000acf80000, 0x00000000e0000000)
  object space 212480K, 78% used [0x00000000a0000000,0x00000000aa389f48,0x00000000acf80000)
 Metaspace       used 140132K, capacity 145805K, committed 145920K, reserved 1175552K
  class space    used 17931K, capacity 19088K, committed 19200K, reserved 1048576K
}
Event: 919.969 GC heap before
{Heap before GC invocations=28 (full 4):
 PSYoungGen      total 441344K, used 403919K [0x00000000e0000000, 0x0000000100000000, 0x0000000100000000)
  eden space 358400K, 100% used [0x00000000e0000000,0x00000000f5e00000,0x00000000f5e00000)
  from space 82944K, 54% used [0x00000000f5e00000,0x00000000f8a73e38,0x00000000faf00000)
  to   space 81920K, 0% used [0x00000000fb000000,0x00000000fb000000,0x0000000100000000)
 ParOldGen       total 212480K, used 167463K [0x00000000a0000000, 0x00000000acf80000, 0x00000000e0000000)
  object space 212480K, 78% used [0x00000000a0000000,0x00000000aa389f48,0x00000000acf80000)
 Metaspace       used 140414K, capacity 146153K, committed 146432K, reserved 1177600K
  class space    used 17951K, capacity 19114K, committed 19200K, reserved 1048576K
Event: 920.103 GC heap after
Heap after GC invocations=28 (full 4):
 PSYoungGen      total 427008K, used 69275K [0x00000000e0000000, 0x0000000100000000, 0x0000000100000000)
  eden space 345088K, 0% used [0x00000000e0000000,0x00000000e0000000,0x00000000f5100000)
  from space 81920K, 84% used [0x00000000fb000000,0x00000000ff3a6eb8,0x0000000100000000)
  to   space 89600K, 0% used [0x00000000f5100000,0x00000000f5100000,0x00000000fa880000)
 ParOldGen       total 212480K, used 167471K [0x00000000a0000000, 0x00000000acf80000, 0x00000000e0000000)
  object space 212480K, 78% used [0x00000000a0000000,0x00000000aa38bf48,0x00000000acf80000)
 Metaspace       used 140414K, capacity 146153K, committed 146432K, reserved 1177600K
  class space    used 17951K, capacity 19114K, committed 19200K, reserved 1048576K
}
Event: 924.888 GC heap before
{Heap before GC invocations=29 (full 4):
 PSYoungGen      total 427008K, used 414363K [0x00000000e0000000, 0x0000000100000000, 0x0000000100000000)
  eden space 345088K, 100% used [0x00000000e0000000,0x00000000f5100000,0x00000000f5100000)
  from space 81920K, 84% used [0x00000000fb000000,0x00000000ff3a6eb8,0x0000000100000000)
  to   space 89600K, 0% used [0x00000000f5100000,0x00000000f5100000,0x00000000fa880000)
 ParOldGen       total 212480K, used 167471K [0x00000000a0000000, 0x00000000acf80000, 0x00000000e0000000)
  object space 212480K, 78% used [0x00000000a0000000,0x00000000aa38bf48,0x00000000acf80000)
 Metaspace       used 143027K, capacity 148797K, committed 148992K, reserved 1179648K
  class space    used 18227K, capacity 19408K, committed 19456K, reserved 1048576K
Event: 924.983 GC heap after
Heap after GC invocations=29 (full 4):
 PSYoungGen      total 420864K, used 75713K [0x00000000e0000000, 0x0000000100000000, 0x0000000100000000)
  eden space 345088K, 0% used [0x00000000e0000000,0x00000000e0000000,0x00000000f5100000)
  from space 75776K, 99% used [0x00000000f5100000,0x00000000f9af0798,0x00000000f9b00000)
  to   space 98304K, 0% used [0x00000000fa000000,0x00000000fa000000,0x0000000100000000)
 ParOldGen       total 212480K, used 167479K [0x00000000a0000000, 0x00000000acf80000, 0x00000000e0000000)
  object space 212480K, 78% used [0x00000000a0000000,0x00000000aa38df48,0x00000000acf80000)
 Metaspace       used 143027K, capacity 148797K, committed 148992K, reserved 1179648K
  class space    used 18227K, capacity 19408K, committed 19456K, reserved 1048576K
}
Event: 932.477 GC heap before
{Heap before GC invocations=30 (full 4):
 PSYoungGen      total 420864K, used 420801K [0x00000000e0000000, 0x0000000100000000, 0x0000000100000000)
  eden space 345088K, 100% used [0x00000000e0000000,0x00000000f5100000,0x00000000f5100000)
  from space 75776K, 99% used [0x00000000f5100000,0x00000000f9af0798,0x00000000f9b00000)
  to   space 98304K, 0% used [0x00000000fa000000,0x00000000fa000000,0x0000000100000000)
 ParOldGen       total 212480K, used 167479K [0x00000000a0000000, 0x00000000acf80000, 0x00000000e0000000)
  object space 212480K, 78% used [0x00000000a0000000,0x00000000aa38df48,0x00000000acf80000)
 Metaspace       used 152146K, capacity 159009K, committed 159232K, reserved 1187840K
  class space    used 19553K, capacity 20964K, committed 20992K, reserved 1048576K
Event: 932.647 GC heap after
Heap after GC invocations=30 (full 4):
 PSYoungGen      total 392192K, used 98274K [0x00000000e0000000, 0x0000000100000000, 0x0000000100000000)
  eden space 293888K, 0% used [0x00000000e0000000,0x00000000e0000000,0x00000000f1f00000)
  from space 98304K, 99% used [0x00000000fa000000,0x00000000ffff8a50,0x0000000100000000)
  to   space 115200K, 0% used [0x00000000f1f00000,0x00000000f1f00000,0x00000000f8f80000)
 ParOldGen       total 212480K, used 173503K [0x00000000a0000000, 0x00000000acf80000, 0x00000000e0000000)
  object space 212480K, 81% used [0x00000000a0000000,0x00000000aa96fd20,0x00000000acf80000)
 Metaspace       used 152146K, capacity 159009K, committed 159232K, reserved 1187840K
  class space    used 19553K, capacity 20964K, committed 20992K, reserved 1048576K
}
Event: 960.445 GC heap before
{Heap before GC invocations=31 (full 4):
 PSYoungGen      total 392192K, used 392162K [0x00000000e0000000, 0x0000000100000000, 0x0000000100000000)
  eden space 293888K, 100% used [0x00000000e0000000,0x00000000f1f00000,0x00000000f1f00000)
  from space 98304K, 99% used [0x00000000fa000000,0x00000000ffff8a50,0x0000000100000000)
  to   space 115200K, 0% used [0x00000000f1f00000,0x00000000f1f00000,0x00000000f8f80000)
 ParOldGen       total 212480K, used 173503K [0x00000000a0000000, 0x00000000acf80000, 0x00000000e0000000)
  object space 212480K, 81% used [0x00000000a0000000,0x00000000aa96fd20,0x00000000acf80000)
 Metaspace       used 153270K, capacity 160249K, committed 160384K, reserved 1187840K
  class space    used 19604K, capacity 21046K, committed 21120K, reserved 1048576K
Event: 960.601 GC heap after
Heap after GC invocations=31 (full 4):
 PSYoungGen      total 364544K, used 70549K [0x00000000e0000000, 0x0000000100000000, 0x0000000100000000)
  eden space 293888K, 0% used [0x00000000e0000000,0x00000000e0000000,0x00000000f1f00000)
  from space 70656K, 99% used [0x00000000f1f00000,0x00000000f63e5460,0x00000000f6400000)
  to   space 116736K, 0% used [0x00000000f8e00000,0x00000000f8e00000,0x0000000100000000)
 ParOldGen       total 212480K, used 200665K [0x00000000a0000000, 0x00000000acf80000, 0x00000000e0000000)
  object space 212480K, 94% used [0x00000000a0000000,0x00000000ac3f6430,0x00000000acf80000)
 Metaspace       used 153270K, capacity 160249K, committed 160384K, reserved 1187840K
  class space    used 19604K, capacity 21046K, committed 21120K, reserved 1048576K
}
Event: 960.604 GC heap before
{Heap before GC invocations=32 (full 5):
 PSYoungGen      total 364544K, used 70549K [0x00000000e0000000, 0x0000000100000000, 0x0000000100000000)
  eden space 293888K, 0% used [0x00000000e0000000,0x00000000e0000000,0x00000000f1f00000)
  from space 70656K, 99% used [0x00000000f1f00000,0x00000000f63e5460,0x00000000f6400000)
  to   space 116736K, 0% used [0x00000000f8e00000,0x00000000f8e00000,0x0000000100000000)
 ParOldGen       total 212480K, used 200665K [0x00000000a0000000, 0x00000000acf80000, 0x00000000e0000000)
  object space 212480K, 94% used [0x00000000a0000000,0x00000000ac3f6430,0x00000000acf80000)
 Metaspace       used 153270K, capacity 160249K, committed 160384K, reserved 1187840K
  class space    used 19604K, capacity 21046K, committed 21120K, reserved 1048576K

